This is pdfTeX, Version 3.14159265-2.6-1.40.20 (TeX Live 2019/Debian) (preloaded format=pdflatex 2019.11.27)  3 JAN 2020 17:10
entering extended mode
 restricted \write18 enabled.
 %&-line parsing enabled.
**opensource-thesis.tex
(./opensource-thesis.tex
LaTeX2e <2018-12-01>
(/usr/share/texlive/texmf-dist/tex/latex/base/report.cls
Document Class: report 2018/09/03 v1.4i Standard LaTeX document class
(/usr/share/texlive/texmf-dist/tex/latex/base/size11.clo
File: size11.clo 2018/09/03 v1.4i Standard LaTeX file (size option)
)
\c@part=\count80
\c@chapter=\count81
\c@section=\count82
\c@subsection=\count83
\c@subsubsection=\count84
\c@paragraph=\count85
\c@subparagraph=\count86
\c@figure=\count87
\c@table=\count88
\abovecaptionskip=\skip41
\belowcaptionskip=\skip42
\bibindent=\dimen102
)
(/usr/share/texlive/texmf-dist/tex/latex/graphics/graphicx.sty
Package: graphicx 2017/06/01 v1.1a Enhanced LaTeX Graphics (DPC,SPQR)

(/usr/share/texlive/texmf-dist/tex/latex/graphics/keyval.sty
Package: keyval 2014/10/28 v1.15 key=value parser (DPC)
\KV@toks@=\toks14
)
(/usr/share/texlive/texmf-dist/tex/latex/graphics/graphics.sty
Package: graphics 2017/06/25 v1.2c Standard LaTeX Graphics (DPC,SPQR)

(/usr/share/texlive/texmf-dist/tex/latex/graphics/trig.sty
Package: trig 2016/01/03 v1.10 sin cos tan (DPC)
)
(/usr/share/texlive/texmf-dist/tex/latex/graphics-cfg/graphics.cfg
File: graphics.cfg 2016/06/04 v1.11 sample graphics configuration
)
Package graphics Info: Driver file: pdftex.def on input line 99.

(/usr/share/texlive/texmf-dist/tex/latex/graphics-def/pdftex.def
File: pdftex.def 2018/01/08 v1.0l Graphics/color driver for pdftex
))
\Gin@req@height=\dimen103
\Gin@req@width=\dimen104
)
(./mystyle.sty
Package: mystyle 
 (/usr/share/texlive/texmf-dist/tex/latex/base/inputenc.sty
Package: inputenc 2018/08/11 v1.3c Input encoding file
\inpenc@prehook=\toks15
\inpenc@posthook=\toks16
)
(/usr/share/texlive/texmf-dist/tex/latex/base/fontenc.sty
Package: fontenc 2018/08/11 v2.0j Standard LaTeX package

(/usr/share/texlive/texmf-dist/tex/latex/base/t1enc.def
File: t1enc.def 2018/08/11 v2.0j Standard LaTeX file
LaTeX Font Info:    Redeclaring font encoding T1 on input line 48.
))
(/usr/share/texlive/texmf-dist/tex/generic/babel/babel.sty
Package: babel 2019/06/03 3.32 The Babel package

(/usr/share/texlive/texmf-dist/tex/generic/babel/switch.def
File: switch.def 2019/06/03 3.32 Babel switching mechanism
)
(/usr/share/texlive/texmf-dist/tex/generic/babel-french/french.ldf
Language: french 2019/03/30 v3.5e French support from the babel system

(/usr/share/texlive/texmf-dist/tex/generic/babel/babel.def
File: babel.def 2019/06/03 3.32 Babel common definitions
\babel@savecnt=\count89
\U@D=\dimen105

(/usr/share/texlive/texmf-dist/tex/generic/babel/txtbabel.def)
\bbl@dirlevel=\count90
)
\l@acadian = a dialect from \language\l@french 
\FB@nonchar=\count91
Package babel Info: Making : an active character on input line 414.
Package babel Info: Making ; an active character on input line 415.
Package babel Info: Making ! an active character on input line 416.
Package babel Info: Making ? an active character on input line 417.
\FBguill@level=\count92
\FBold@everypar=\toks17
\FB@Mht=\dimen106
\mc@charclass=\count93
\mc@charfam=\count94
\mc@charslot=\count95
\std@mcc=\count96
\dec@mcc=\count97
\c@FBcaption@count=\count98
\listindentFB=\dimen107
\descindentFB=\dimen108
\labelindentFB=\dimen109
\labelwidthFB=\dimen110
\leftmarginFB=\dimen111
\parindentFFN=\dimen112
\FBfnindent=\dimen113
))
(/usr/share/texlive/texmf-dist/tex/latex/carlisle/scalefnt.sty)
(/usr/share/texlive/texmf-dist/tex/latex/setspace/setspace.sty
Package: setspace 2011/12/19 v6.7a set line spacing
)
(/usr/share/texlive/texmf-dist/tex/latex/cite/cite.sty
LaTeX Info: Redefining \cite on input line 302.
LaTeX Info: Redefining \nocite on input line 332.
Package: cite 2015/02/27  v 5.5
)
(/usr/share/texlive/texmf-dist/tex/latex/graphics/lscape.sty
Package: lscape 2000/10/22 v3.01 Landscape Pages (DPC)
)
(/usr/share/texlive/texmf-dist/tex/latex/csquotes/csquotes.sty
Package: csquotes 2019/05/10 v5.2e context-sensitive quotations (JAW)

(/usr/share/texlive/texmf-dist/tex/latex/etoolbox/etoolbox.sty
Package: etoolbox 2018/08/19 v2.5f e-TeX tools for LaTeX (JAW)
\etb@tempcnta=\count99
)
\csq@reset=\count100
\csq@gtype=\count101
\csq@glevel=\count102
\csq@qlevel=\count103
\csq@maxlvl=\count104
\csq@tshold=\count105
\csq@ltx@everypar=\toks18

(/usr/share/texlive/texmf-dist/tex/latex/csquotes/csquotes.def
File: csquotes.def 2019/05/10 v5.2e csquotes generic definitions (JAW)
)
Package csquotes Info: Trying to load configuration file 'csquotes.cfg'...
Package csquotes Info: ... configuration file loaded successfully.

(/usr/share/texlive/texmf-dist/tex/latex/csquotes/csquotes.cfg
File: csquotes.cfg 
))
(/usr/share/texlive/texmf-dist/tex/latex/adjustbox/adjustbox.sty
Package: adjustbox 2019/01/04 v1.2 Adjusting TeX boxes (trim, clip, ...)

(/usr/share/texlive/texmf-dist/tex/latex/xkeyval/xkeyval.sty
Package: xkeyval 2014/12/03 v2.7a package option processing (HA)

(/usr/share/texlive/texmf-dist/tex/generic/xkeyval/xkeyval.tex
(/usr/share/texlive/texmf-dist/tex/generic/xkeyval/xkvutils.tex
\XKV@toks=\toks19
\XKV@tempa@toks=\toks20
)
\XKV@depth=\count106
File: xkeyval.tex 2014/12/03 v2.7a key=value parser (HA)
))
(/usr/share/texlive/texmf-dist/tex/latex/adjustbox/adjcalc.sty
Package: adjcalc 2012/05/16 v1.1 Provides advanced setlength with multiple back
-ends (calc, etex, pgfmath)
)
(/usr/share/texlive/texmf-dist/tex/latex/adjustbox/trimclip.sty
Package: trimclip 2018/04/08 v1.1 Trim and clip general TeX material

(/usr/share/texlive/texmf-dist/tex/latex/collectbox/collectbox.sty
Package: collectbox 2012/05/17 v0.4b Collect macro arguments as boxes
\collectedbox=\box27
)
\tc@llx=\dimen114
\tc@lly=\dimen115
\tc@urx=\dimen116
\tc@ury=\dimen117
Package trimclip Info: Using driver 'tc-pdftex.def'.

(/usr/share/texlive/texmf-dist/tex/latex/adjustbox/tc-pdftex.def
File: tc-pdftex.def 2019/01/04 v2.2 Clipping driver for pdftex
))
\adjbox@Width=\dimen118
\adjbox@Height=\dimen119
\adjbox@Depth=\dimen120
\adjbox@Totalheight=\dimen121
\adjbox@pwidth=\dimen122
\adjbox@pheight=\dimen123
\adjbox@pdepth=\dimen124
\adjbox@ptotalheight=\dimen125

(/usr/share/texlive/texmf-dist/tex/latex/ifoddpage/ifoddpage.sty
Package: ifoddpage 2016/04/23 v1.1 Conditionals for odd/even page detection
\c@checkoddpage=\count107
)
(/usr/share/texlive/texmf-dist/tex/latex/varwidth/varwidth.sty
Package: varwidth 2009/03/30 ver 0.92;  Variable-width minipages
\@vwid@box=\box28
\sift@deathcycles=\count108
\@vwid@loff=\dimen126
\@vwid@roff=\dimen127
))
(/usr/share/texlive/texmf-dist/tex/latex/geometry/geometry.sty
Package: geometry 2018/04/16 v5.8 Page Geometry

(/usr/share/texlive/texmf-dist/tex/generic/oberdiek/ifpdf.sty
Package: ifpdf 2018/09/07 v3.3 Provides the ifpdf switch
)
(/usr/share/texlive/texmf-dist/tex/generic/oberdiek/ifvtex.sty
Package: ifvtex 2016/05/16 v1.6 Detect VTeX and its facilities (HO)
Package ifvtex Info: VTeX not detected.
)
(/usr/share/texlive/texmf-dist/tex/generic/ifxetex/ifxetex.sty
Package: ifxetex 2010/09/12 v0.6 Provides ifxetex conditional
)
\Gm@cnth=\count109
\Gm@cntv=\count110
\c@Gm@tempcnt=\count111
\Gm@bindingoffset=\dimen128
\Gm@wd@mp=\dimen129
\Gm@odd@mp=\dimen130
\Gm@even@mp=\dimen131
\Gm@layoutwidth=\dimen132
\Gm@layoutheight=\dimen133
\Gm@layouthoffset=\dimen134
\Gm@layoutvoffset=\dimen135
\Gm@dimlist=\toks21
)
(/usr/share/texlive/texmf-dist/tex/latex/tools/afterpage.sty
Package: afterpage 2014/10/28 v1.08 After-Page Package (DPC)
\AP@output=\toks22
\AP@partial=\box29
\AP@footins=\box30
)
(/usr/share/texlive/texmf-dist/tex/latex/pdfpages/pdfpages.sty
Package: pdfpages 2017/10/31 v0.5l Insert pages of external PDF documents (AM)

(/usr/share/texlive/texmf-dist/tex/latex/base/ifthen.sty
Package: ifthen 2014/09/29 v1.1c Standard LaTeX ifthen package (DPC)
)
(/usr/share/texlive/texmf-dist/tex/latex/tools/calc.sty
Package: calc 2017/05/25 v4.3 Infix arithmetic (KKT,FJ)
\calc@Acount=\count112
\calc@Bcount=\count113
\calc@Adimen=\dimen136
\calc@Bdimen=\dimen137
\calc@Askip=\skip43
\calc@Bskip=\skip44
LaTeX Info: Redefining \setlength on input line 80.
LaTeX Info: Redefining \addtolength on input line 81.
\calc@Ccount=\count114
\calc@Cskip=\skip45
)
(/usr/share/texlive/texmf-dist/tex/latex/eso-pic/eso-pic.sty
Package: eso-pic 2018/04/12 v2.0h eso-pic (RN)

(/usr/share/texlive/texmf-dist/tex/generic/oberdiek/atbegshi.sty
Package: atbegshi 2016/06/09 v1.18 At begin shipout hook (HO)

(/usr/share/texlive/texmf-dist/tex/generic/oberdiek/infwarerr.sty
Package: infwarerr 2016/05/16 v1.4 Providing info/warning/error messages (HO)
)
(/usr/share/texlive/texmf-dist/tex/generic/oberdiek/ltxcmds.sty
Package: ltxcmds 2016/05/16 v1.23 LaTeX kernel commands for general use (HO)
))
(/usr/share/texlive/texmf-dist/tex/latex/xcolor/xcolor.sty
Package: xcolor 2016/05/11 v2.12 LaTeX color extensions (UK)

(/usr/share/texlive/texmf-dist/tex/latex/graphics-cfg/color.cfg
File: color.cfg 2016/01/02 v1.6 sample color configuration
)
Package xcolor Info: Driver file: pdftex.def on input line 225.
Package xcolor Info: Model `cmy' substituted by `cmy0' on input line 1348.
Package xcolor Info: Model `hsb' substituted by `rgb' on input line 1352.
Package xcolor Info: Model `RGB' extended on input line 1364.
Package xcolor Info: Model `HTML' substituted by `rgb' on input line 1366.
Package xcolor Info: Model `Hsb' substituted by `hsb' on input line 1367.
Package xcolor Info: Model `tHsb' substituted by `hsb' on input line 1368.
Package xcolor Info: Model `HSB' substituted by `hsb' on input line 1369.
Package xcolor Info: Model `Gray' substituted by `gray' on input line 1370.
Package xcolor Info: Model `wave' substituted by `hsb' on input line 1371.
))
\AM@pagewidth=\dimen138
\AM@pageheight=\dimen139

(/usr/share/texlive/texmf-dist/tex/latex/pdfpages/pppdftex.def
File: pppdftex.def 2017/10/31 v0.5l Pdfpages driver for pdfTeX (AM)
)
\AM@pagebox=\box31
\AM@global@opts=\toks23
\AM@toc@title=\toks24
\c@AM@survey=\count115
\AM@templatesizebox=\box32
)
(/usr/share/texlive/texmf-dist/tex/latex/enumitem/enumitem.sty
Package: enumitem 2019/06/20 v3.9 Customized lists
\labelindent=\skip46
\enit@outerparindent=\dimen140
\enit@toks=\toks25
\enit@inbox=\box33
\enit@count@id=\count116
\enitdp@description=\count117
)
(/usr/share/texlive/texmf-dist/tex/latex/fancyhdr/fancyhdr.sty
Package: fancyhdr 2019/01/31 v3.10 Extensive control of page headers and footer
s
\f@nch@headwidth=\skip47
\f@nch@O@elh=\skip48
\f@nch@O@erh=\skip49
\f@nch@O@olh=\skip50
\f@nch@O@orh=\skip51
\f@nch@O@elf=\skip52
\f@nch@O@erf=\skip53
\f@nch@O@olf=\skip54
\f@nch@O@orf=\skip55
)
(/usr/share/texlive/texmf-dist/tex/latex/glossaries/base/glossaries.sty
Package: glossaries 2019/01/06 v4.42 (NLCT)

(/usr/share/texlive/texmf-dist/tex/latex/mfirstuc/mfirstuc.sty
Package: mfirstuc 2017/11/14 v2.06 (NLCT)
\@glsmfirst=\toks26
\@glsmrest=\toks27
)
(/usr/share/texlive/texmf-dist/tex/latex/textcase/textcase.sty
Package: textcase 2004/10/07 v0.07 Text only upper/lower case changing (DPC)
)
(/usr/share/texlive/texmf-dist/tex/latex/xfor/xfor.sty
Package: xfor 2009/02/05 v1.05 (NLCT)
)
(/usr/share/texlive/texmf-dist/tex/latex/datatool/datatool-base.sty
Package: datatool-base 2018/12/07 v2.31 (NLCT)

(/usr/share/texlive/texmf-dist/tex/latex/amsmath/amsmath.sty
Package: amsmath 2018/12/01 v2.17b AMS math features
\@mathmargin=\skip56

For additional information on amsmath, use the `?' option.
(/usr/share/texlive/texmf-dist/tex/latex/amsmath/amstext.sty
Package: amstext 2000/06/29 v2.01 AMS text

(/usr/share/texlive/texmf-dist/tex/latex/amsmath/amsgen.sty
File: amsgen.sty 1999/11/30 v2.0 generic functions
\@emptytoks=\toks28
\ex@=\dimen141
))
(/usr/share/texlive/texmf-dist/tex/latex/amsmath/amsbsy.sty
Package: amsbsy 1999/11/29 v1.2d Bold Symbols
\pmbraise@=\dimen142
)
(/usr/share/texlive/texmf-dist/tex/latex/amsmath/amsopn.sty
Package: amsopn 2016/03/08 v2.02 operator names
)
\inf@bad=\count118
LaTeX Info: Redefining \frac on input line 223.
\uproot@=\count119
\leftroot@=\count120
LaTeX Info: Redefining \overline on input line 385.
\classnum@=\count121
\DOTSCASE@=\count122
LaTeX Info: Redefining \ldots on input line 482.
LaTeX Info: Redefining \dots on input line 485.
LaTeX Info: Redefining \cdots on input line 606.
\Mathstrutbox@=\box34
\strutbox@=\box35
\big@size=\dimen143
LaTeX Font Info:    Redeclaring font encoding OML on input line 729.
LaTeX Font Info:    Redeclaring font encoding OMS on input line 730.
\macc@depth=\count123
\c@MaxMatrixCols=\count124
\dotsspace@=\muskip10
\c@parentequation=\count125
\dspbrk@lvl=\count126
\tag@help=\toks29
\row@=\count127
\column@=\count128
\maxfields@=\count129
\andhelp@=\toks30
\eqnshift@=\dimen144
\alignsep@=\dimen145
\tagshift@=\dimen146
\tagwidth@=\dimen147
\totwidth@=\dimen148
\lineht@=\dimen149
\@envbody=\toks31
\multlinegap=\skip57
\multlinetaggap=\skip58
\mathdisplay@stack=\toks32
LaTeX Info: Redefining \[ on input line 2844.
LaTeX Info: Redefining \] on input line 2845.
)
(/usr/share/texlive/texmf-dist/tex/latex/substr/substr.sty
Package: substr 2009/10/20 v1.2 Handle substrings
\c@su@anzahl=\count130
)
(/usr/share/texlive/texmf-dist/tex/latex/datatool/datatool-fp.sty
Package: datatool-fp 2018/12/07 v2.31 (NLCT)

(/usr/share/texlive/texmf-dist/tex/latex/fp/fp.sty
Package: fp 1995/04/02

`Fixed Point Package', Version 0.8, April 2, 1995 (C) Michael Mehlich
(/usr/share/texlive/texmf-dist/tex/latex/fp/defpattern.sty
Package: defpattern 1994/10/12
\actioncount=\count131
)
(/usr/share/texlive/texmf-dist/tex/latex/fp/fp-basic.sty
Package: fp-basic 1996/05/13
\FP@xs=\count132
\FP@xia=\count133
\FP@xib=\count134
\FP@xfa=\count135
\FP@xfb=\count136
\FP@rega=\count137
\FP@regb=\count138
\FP@regs=\count139
\FP@times=\count140
)
(/usr/share/texlive/texmf-dist/tex/latex/fp/fp-addons.sty
Package: fp-addons 1995/03/15
)
(/usr/share/texlive/texmf-dist/tex/latex/fp/fp-snap.sty
Package: fp-snap 1995/04/05
)
(/usr/share/texlive/texmf-dist/tex/latex/fp/fp-exp.sty
Package: fp-exp 1995/04/03
)
(/usr/share/texlive/texmf-dist/tex/latex/fp/fp-trigo.sty
Package: fp-trigo 1995/04/14
)
(/usr/share/texlive/texmf-dist/tex/latex/fp/fp-pas.sty
Package: fp-pas 1994/08/29
)
(/usr/share/texlive/texmf-dist/tex/latex/fp/fp-random.sty
Package: fp-random 1995/02/23
\FPseed=\count141
)
(/usr/share/texlive/texmf-dist/tex/latex/fp/fp-eqn.sty
Package: fp-eqn 1995/04/03
)
(/usr/share/texlive/texmf-dist/tex/latex/fp/fp-upn.sty
Package: fp-upn 1996/10/21
)
(/usr/share/texlive/texmf-dist/tex/latex/fp/fp-eval.sty
Package: fp-eval 1995/04/03
)))
\@dtl@toks=\toks33
\@dtl@tmpcount=\count142
\dtl@tmplength=\skip59
\dtl@sortresult=\count143
\@dtl@numgrpsepcount=\count144
\@dtl@datatype=\count145
\dtl@codeA=\count146
\dtl@codeB=\count147
\@dtl@foreach@level=\count148
)
(/usr/share/texlive/texmf-dist/tex/latex/glossaries/base/glossaries-compatible-
307.sty
Package: glossaries-compatible-307 2019/01/06 v4.42 (NLCT)
) (/usr/share/texlive/texmf-dist/tex/latex/tracklang/tracklang.sty
Package: tracklang 2018/05/13 v1.3.6 (NLCT) Track Languages

(/usr/share/texlive/texmf-dist/tex/generic/tracklang/tracklang.tex))
(/usr/share/texlive/texmf-dist/tex/latex/translator/translator.sty
Package: translator 2019-05-31 v1.12a Easy translation of strings in LaTeX
)
(/usr/share/texlive/texmf-dist/tex/latex/glossaries-french/glossaries-french.ld
f
File: glossaries-french.ldf 2016/12/12 v1.1
)
\gls@level=\count149
\@gls@tmpb=\toks34
\gls@tmplen=\skip60
\glskeylisttok=\toks35
\glslabeltok=\toks36
\glsshorttok=\toks37
\glslongtok=\toks38

(/usr/share/texlive/texmf-dist/tex/latex/glossaries/styles/glossary-hypernav.st
y
Package: glossary-hypernav 2019/01/06 v4.42 (NLCT)
) (/usr/share/texlive/texmf-dist/tex/latex/glossaries/styles/glossary-list.sty
Package: glossary-list 2019/01/06 v4.42 (NLCT)
\glslistdottedwidth=\skip61
) (/usr/share/texlive/texmf-dist/tex/latex/glossaries/styles/glossary-long.sty
Package: glossary-long 2019/01/06 v4.42 (NLCT)

(/usr/share/texlive/texmf-dist/tex/latex/tools/longtable.sty
Package: longtable 2014/10/28 v4.11 Multi-page Table package (DPC)+ FMi change
\LTleft=\skip62
\LTright=\skip63
\LTpre=\skip64
\LTpost=\skip65
\LTchunksize=\count150
\LTcapwidth=\dimen150
\LT@head=\box36
\LT@firsthead=\box37
\LT@foot=\box38
\LT@lastfoot=\box39
\LT@cols=\count151
\LT@rows=\count152
\c@LT@tables=\count153
\c@LT@chunks=\count154
\LT@p@ftn=\toks39
)
\glsdescwidth=\skip66
\glspagelistwidth=\skip67
)
(/usr/share/texlive/texmf-dist/tex/latex/glossaries/styles/glossary-super.sty
Package: glossary-super 2019/01/06 v4.42 (NLCT)

(/usr/share/texlive/texmf-dist/tex/latex/supertabular/supertabular.sty
Package: supertabular 2004/02/20 v4.1e the supertabular environment
\c@tracingst=\count155
\ST@wd=\dimen151
\ST@rightskip=\skip68
\ST@leftskip=\skip69
\ST@parfillskip=\skip70
\ST@pageleft=\dimen152
\ST@headht=\dimen153
\ST@tailht=\dimen154
\ST@pagesofar=\dimen155
\ST@pboxht=\dimen156
\ST@lineht=\dimen157
\ST@stretchht=\dimen158
\ST@prevht=\dimen159
\ST@toadd=\dimen160
\ST@dimen=\dimen161
\ST@pbox=\box40
))
(/usr/share/texlive/texmf-dist/tex/latex/glossaries/styles/glossary-tree.sty
Package: glossary-tree 2019/01/06 v4.42 (NLCT)
\glstreeindent=\skip71
))
(/usr/share/texlive/texmf-dist/tex/latex/eurosym/eurosym.sty
Package: eurosym 1998/08/06 v1.1 European currency symbol ``Euro''
\@eurobox=\box41
)
(/usr/share/texlive/texmf-dist/tex/latex/caption/caption.sty
Package: caption 2018/10/06 v3.3-154 Customizing captions (AR)

(/usr/share/texlive/texmf-dist/tex/latex/caption/caption3.sty
Package: caption3 2018/09/12 v1.8c caption3 kernel (AR)
Package caption3 Info: TeX engine: e-TeX on input line 64.
\captionmargin=\dimen162
\captionmargin@=\dimen163
\captionwidth=\dimen164
\caption@tempdima=\dimen165
\caption@indent=\dimen166
\caption@parindent=\dimen167
\caption@hangindent=\dimen168
)
\c@caption@flags=\count156
\c@ContinuedFloat=\count157
Package caption Info: longtable package is loaded.

(/usr/share/texlive/texmf-dist/tex/latex/caption/ltcaption.sty
Package: ltcaption 2018/08/26 v1.4-95 longtable captions (AR)
)
Package caption Info: supertabular package is loaded.
)
(/usr/share/texlive/texmf-dist/tex/latex/wrapfig/wrapfig.sty
\wrapoverhang=\dimen169
\WF@size=\dimen170
\c@WF@wrappedlines=\count158
\WF@box=\box42
\WF@everypar=\toks40
Package: wrapfig 2003/01/31  v 3.6
)
(/usr/share/texlive/texmf-dist/tex/latex/appendix/appendix.sty
Package: appendix 2009/09/02 v1.2b extra appendix facilities
\c@@pps=\count159
\c@@ppsavesec=\count160
\c@@ppsaveapp=\count161
))
(/usr/share/texlive/texmf-dist/tex/latex/hyperref/hyperref.sty
Package: hyperref 2018/11/30 v6.88e Hypertext links for LaTeX

(/usr/share/texlive/texmf-dist/tex/generic/oberdiek/hobsub-hyperref.sty
Package: hobsub-hyperref 2016/05/16 v1.14 Bundle oberdiek, subset hyperref (HO)


(/usr/share/texlive/texmf-dist/tex/generic/oberdiek/hobsub-generic.sty
Package: hobsub-generic 2016/05/16 v1.14 Bundle oberdiek, subset generic (HO)
Package: hobsub 2016/05/16 v1.14 Construct package bundles (HO)
Package hobsub Info: Skipping package `infwarerr' (already loaded).
Package hobsub Info: Skipping package `ltxcmds' (already loaded).
Package: ifluatex 2016/05/16 v1.4 Provides the ifluatex switch (HO)
Package ifluatex Info: LuaTeX not detected.
Package hobsub Info: Skipping package `ifvtex' (already loaded).
Package: intcalc 2016/05/16 v1.2 Expandable calculations with integers (HO)
Package hobsub Info: Skipping package `ifpdf' (already loaded).
Package: etexcmds 2016/05/16 v1.6 Avoid name clashes with e-TeX commands (HO)
Package: kvsetkeys 2016/05/16 v1.17 Key value parser (HO)
Package: kvdefinekeys 2016/05/16 v1.4 Define keys (HO)
Package: pdftexcmds 2018/09/10 v0.29 Utility functions of pdfTeX for LuaTeX (HO
)
Package pdftexcmds Info: LuaTeX not detected.
Package pdftexcmds Info: \pdf@primitive is available.
Package pdftexcmds Info: \pdf@ifprimitive is available.
Package pdftexcmds Info: \pdfdraftmode found.
Package: pdfescape 2016/05/16 v1.14 Implements pdfTeX's escape features (HO)
Package: bigintcalc 2016/05/16 v1.4 Expandable calculations on big integers (HO
)
Package: bitset 2016/05/16 v1.2 Handle bit-vector datatype (HO)
Package: uniquecounter 2016/05/16 v1.3 Provide unlimited unique counter (HO)
)
Package hobsub Info: Skipping package `hobsub' (already loaded).
Package: letltxmacro 2016/05/16 v1.5 Let assignment for LaTeX macros (HO)
Package: hopatch 2016/05/16 v1.3 Wrapper for package hooks (HO)
Package: xcolor-patch 2016/05/16 xcolor patch
Package: atveryend 2016/05/16 v1.9 Hooks at the very end of document (HO)
Package hobsub Info: Skipping package `atbegshi' (already loaded).
Package: refcount 2016/05/16 v3.5 Data extraction from label references (HO)
Package: hycolor 2016/05/16 v1.8 Color options for hyperref/bookmark (HO)
)
(/usr/share/texlive/texmf-dist/tex/latex/oberdiek/auxhook.sty
Package: auxhook 2016/05/16 v1.4 Hooks for auxiliary files (HO)
)
(/usr/share/texlive/texmf-dist/tex/latex/oberdiek/kvoptions.sty
Package: kvoptions 2016/05/16 v3.12 Key value format for package options (HO)
)
\@linkdim=\dimen171
\Hy@linkcounter=\count162
\Hy@pagecounter=\count163

(/usr/share/texlive/texmf-dist/tex/latex/hyperref/pd1enc.def
File: pd1enc.def 2018/11/30 v6.88e Hyperref: PDFDocEncoding definition (HO)
Now handling font encoding PD1 ...
... no UTF-8 mapping file for font encoding PD1
)
\Hy@SavedSpaceFactor=\count164

(/usr/share/texlive/texmf-dist/tex/latex/latexconfig/hyperref.cfg
File: hyperref.cfg 2002/06/06 v1.2 hyperref configuration of TeXLive
)
Package hyperref Info: Hyper figures OFF on input line 4519.
Package hyperref Info: Link nesting OFF on input line 4524.
Package hyperref Info: Hyper index ON on input line 4527.
Package hyperref Info: Plain pages OFF on input line 4534.
Package hyperref Info: Backreferencing OFF on input line 4539.
Package hyperref Info: Implicit mode ON; LaTeX internals redefined.
Package hyperref Info: Bookmarks ON on input line 4772.
\c@Hy@tempcnt=\count165

(/usr/share/texlive/texmf-dist/tex/latex/url/url.sty
\Urlmuskip=\muskip11
Package: url 2013/09/16  ver 3.4  Verb mode for urls, etc.
)
LaTeX Info: Redefining \url on input line 5125.
\XeTeXLinkMargin=\dimen172
\Fld@menulength=\count166
\Field@Width=\dimen173
\Fld@charsize=\dimen174
Package hyperref Info: Hyper figures OFF on input line 6380.
Package hyperref Info: Link nesting OFF on input line 6385.
Package hyperref Info: Hyper index ON on input line 6388.
Package hyperref Info: backreferencing OFF on input line 6395.
Package hyperref Info: Link coloring OFF on input line 6400.
Package hyperref Info: Link coloring with OCG OFF on input line 6405.
Package hyperref Info: PDF/A mode OFF on input line 6410.
LaTeX Info: Redefining \ref on input line 6450.
LaTeX Info: Redefining \pageref on input line 6454.
\Hy@abspage=\count167
\c@Item=\count168
\c@Hfootnote=\count169
)
Package hyperref Info: Driver (autodetected): hpdftex.

(/usr/share/texlive/texmf-dist/tex/latex/hyperref/hpdftex.def
File: hpdftex.def 2018/11/30 v6.88e Hyperref driver for pdfTeX
\Fld@listcount=\count170
\c@bookmark@seq@number=\count171

(/usr/share/texlive/texmf-dist/tex/latex/oberdiek/rerunfilecheck.sty
Package: rerunfilecheck 2016/05/16 v1.8 Rerun checks for auxiliary files (HO)
Package uniquecounter Info: New unique counter `rerunfilecheck' on input line 2
82.
)
\Hy@SectionHShift=\skip72
)
Package csquotes Info: Checking for multilingual support...
Package csquotes Info: ... found 'babel' package.
Package csquotes Info: Adjusting default style.
Package csquotes Info: Redefining alias 'default' -> 'french'.

(./opensource-thesis.aux (./tex/preface.aux) (./tex/abstract.aux)
(./tex/introduction.aux) (./tex/etatdelart.aux) (./tex/etudeterrain.aux)
(./tex/confrontation.aux) (./tex/transposition.aux) (./tex/conclusion.aux)
(./tex/annexes.aux))
\openout1 = `opensource-thesis.aux'.

LaTeX Font Info:    Checking defaults for OML/cmm/m/it on input line 152.
LaTeX Font Info:    ... okay on input line 152.
LaTeX Font Info:    Checking defaults for T1/cmr/m/n on input line 152.
LaTeX Font Info:    ... okay on input line 152.
LaTeX Font Info:    Checking defaults for OT1/cmr/m/n on input line 152.
LaTeX Font Info:    ... okay on input line 152.
LaTeX Font Info:    Checking defaults for OMS/cmsy/m/n on input line 152.
LaTeX Font Info:    ... okay on input line 152.
LaTeX Font Info:    Checking defaults for OMX/cmex/m/n on input line 152.
LaTeX Font Info:    ... okay on input line 152.
LaTeX Font Info:    Checking defaults for U/cmr/m/n on input line 152.
LaTeX Font Info:    ... okay on input line 152.
LaTeX Font Info:    Checking defaults for PD1/pdf/m/n on input line 152.
LaTeX Font Info:    ... okay on input line 152.

(/usr/share/texlive/texmf-dist/tex/context/base/mkii/supp-pdf.mkii
[Loading MPS to PDF converter (version 2006.09.02).]
\scratchcounter=\count172
\scratchdimen=\dimen175
\scratchbox=\box43
\nofMPsegments=\count173
\nofMParguments=\count174
\everyMPshowfont=\toks41
\MPscratchCnt=\count175
\MPscratchDim=\dimen176
\MPnumerator=\count176
\makeMPintoPDFobject=\count177
\everyMPtoPDFconversion=\toks42
) (/usr/share/texlive/texmf-dist/tex/latex/oberdiek/epstopdf-base.sty
Package: epstopdf-base 2016/05/15 v2.6 Base part for package epstopdf

(/usr/share/texlive/texmf-dist/tex/latex/oberdiek/grfext.sty
Package: grfext 2016/05/16 v1.2 Manage graphics extensions (HO)
)
Package epstopdf-base Info: Redefining graphics rule for `.eps' on input line 4
38.
Package grfext Info: Graphics extension search list:
(grfext)             [.pdf,.png,.jpg,.mps,.jpeg,.jbig2,.jb2,.PDF,.PNG,.JPG,.JPE
G,.JBIG2,.JB2,.eps]
(grfext)             \AppendGraphicsExtensions on input line 456.

(/usr/share/texlive/texmf-dist/tex/latex/latexconfig/epstopdf-sys.cfg
File: epstopdf-sys.cfg 2010/07/13 v1.3 Configuration of (r)epstopdf for TeX Liv
e
))
LaTeX Info: Redefining \degres on input line 152.
LaTeX Info: Redefining \dots on input line 152.
Package french.ldf Info: Setting StandardItemizeEnv=true for
(french.ldf)             compatibility with enumitem package,
(french.ldf)             reported on input line 152.
Package french.ldf Info: Setting StandardEnumerateEnv=true for
(french.ldf)             compatibility with enumitem package,
(french.ldf)             reported on input line 152.
LaTeX Info: Redefining \up on input line 152.

*geometry* driver: auto-detecting
*geometry* detected driver: pdftex
*geometry* verbose mode - [ preamble ] result:
* driver: pdftex
* paper: a4paper
* layout: <same size as paper>
* layoutoffset:(h,v)=(0.0pt,0.0pt)
* modes: includehead includefoot 
* h-part:(L,W,R)=(56.9055pt, 483.69687pt, 56.9055pt)
* v-part:(T,H,B)=(56.9055pt, 731.23584pt, 56.9055pt)
* \paperwidth=597.50787pt
* \paperheight=845.04684pt
* \textwidth=483.69687pt
* \textheight=653.79443pt
* \oddsidemargin=-15.36449pt
* \evensidemargin=-15.36449pt
* \topmargin=-15.36449pt
* \headheight=14.0pt
* \headsep=14.22636pt
* \topskip=11.0pt
* \footskip=51.21504pt
* \marginparwidth=50.0pt
* \marginparsep=10.0pt
* \columnsep=10.0pt
* \skip\footins=10.0pt plus 4.0pt minus 2.0pt
* \hoffset=0.0pt
* \voffset=0.0pt
* \mag=1000
* \@twocolumnfalse
* \@twosidefalse
* \@mparswitchfalse
* \@reversemarginfalse
* (1in=72.27pt=25.4mm, 1cm=28.453pt)

\AtBeginShipoutBox=\box44
(/usr/share/texlive/texmf-dist/tex/latex/oberdiek/pdflscape.sty
Package: pdflscape 2016/05/14 v0.11 Display of landscape pages in PDF (HO)
Package pdflscape Info: Auto-detected driver: pdftex on input line 81.
)
Package caption Info: Begin \AtBeginDocument code.
Package caption Info: hyperref package is loaded.
Package caption Info: wrapfig package is loaded.
Package caption Info: End \AtBeginDocument code.
Package hyperref Info: Link coloring OFF on input line 152.

(/usr/share/texlive/texmf-dist/tex/latex/hyperref/nameref.sty
Package: nameref 2016/05/21 v2.44 Cross-referencing by name of section

(/usr/share/texlive/texmf-dist/tex/generic/oberdiek/gettitlestring.sty
Package: gettitlestring 2016/05/16 v1.5 Cleanup title references (HO)
)
\c@section@level=\count178
)
LaTeX Info: Redefining \ref on input line 152.
LaTeX Info: Redefining \pageref on input line 152.
LaTeX Info: Redefining \nameref on input line 152.

(./opensource-thesis.out) (./opensource-thesis.out)
\@outlinefile=\write3
\openout3 = `opensource-thesis.out'.

<./img/cesi.png, id=257, 2210.2575pt x 744.7825pt>
File: ./img/cesi.png Graphic file (type png)
<use ./img/cesi.png>
Package pdftex.def Info: ./img/cesi.png  used on input line 155.
(pdftex.def)             Requested size: 145.11053pt x 48.88986pt.
<./img/docdoku.png, id=258, 473.77pt x 107.40125pt>
File: ./img/docdoku.png Graphic file (type png)
<use ./img/docdoku.png>
Package pdftex.def Info: ./img/docdoku.png  used on input line 165.
(pdftex.def)             Requested size: 145.11053pt x 32.8958pt.
 [1

{/var/lib/texmf/fonts/map/pdftex/updmap/pdftex.map} <./img/cesi.png> <./img/doc
doku.png>] [0

]
(./opensource-thesis.toc
File: ./img/cesi.png Graphic file (type png)
<use ./img/cesi.png>
Package pdftex.def Info: ./img/cesi.png  used on input line 124.
(pdftex.def)             Requested size: 85.35826pt x 28.75206pt.
File: ./img/docdoku.png Graphic file (type png)
<use ./img/docdoku.png>
Package pdftex.def Info: ./img/docdoku.png  used on input line 124.
(pdftex.def)             Requested size: 85.35826pt x 19.34941pt.
pdfTeX warning (ext4): destination with the same identifier (name{page.1}) has 
been already used, duplicate ignored
<to be read again> 
                   \relax 
l.124 ...ojets open sources}{41}{subsection.3.2.3}
                                                  % [1])
\tf@toc=\write4
\openout4 = `opensource-thesis.toc'.

File: ./img/cesi.png Graphic file (type png)
<use ./img/cesi.png>
Package pdftex.def Info: ./img/cesi.png  used on input line 173.
(pdftex.def)             Requested size: 85.35826pt x 28.75206pt.
File: ./img/docdoku.png Graphic file (type png)
<use ./img/docdoku.png>
Package pdftex.def Info: ./img/docdoku.png  used on input line 173.
(pdftex.def)             Requested size: 85.35826pt x 19.34941pt.
 [2]
(./opensource-thesis.lof)
\tf@lof=\write5
\openout5 = `opensource-thesis.lof'.


Using TeX to sort glossary entries---this may take a while
File: ./img/cesi.png Graphic file (type png)
<use ./img/cesi.png>
Package pdftex.def Info: ./img/cesi.png  used on input line 174.
(pdftex.def)             Requested size: 85.35826pt x 28.75206pt.
File: ./img/docdoku.png Graphic file (type png)
<use ./img/docdoku.png>
Package pdftex.def Info: ./img/docdoku.png  used on input line 174.
(pdftex.def)             Requested size: 85.35826pt x 19.34941pt.
[3

]
Using TeX to sort glossary entries---this may take a while
File: ./img/cesi.png Graphic file (type png)
<use ./img/cesi.png>
Package pdftex.def Info: ./img/cesi.png  used on input line 174.
(pdftex.def)             Requested size: 85.35826pt x 28.75206pt.
File: ./img/docdoku.png Graphic file (type png)
<use ./img/docdoku.png>
Package pdftex.def Info: ./img/docdoku.png  used on input line 174.
(pdftex.def)             Requested size: 85.35826pt x 19.34941pt.
[4


]
No file opensource-thesis.acr.
File: ./img/cesi.png Graphic file (type png)
<use ./img/cesi.png>
Package pdftex.def Info: ./img/cesi.png  used on input line 178.
(pdftex.def)             Requested size: 85.35826pt x 28.75206pt.
File: ./img/docdoku.png Graphic file (type png)
<use ./img/docdoku.png>
Package pdftex.def Info: ./img/docdoku.png  used on input line 178.
(pdftex.def)             Requested size: 85.35826pt x 19.34941pt.
[5


]
\openout2 = `tex/preface.aux'.

 (./tex/preface.tex
Underfull \hbox (badness 10000) in paragraph at lines 4--5

 []


Underfull \hbox (badness 10000) in paragraph at lines 19--20

 []

<confidentialitecesi.pdf, id=412, 597.53635pt x 845.04686pt>
File: confidentialitecesi.pdf Graphic file (type pdf)
<use confidentialitecesi.pdf>
Package pdftex.def Info: confidentialitecesi.pdf  used on input line 23.
(pdftex.def)             Requested size: 597.53488pt x 845.0448pt.
File: confidentialitecesi.pdf Graphic file (type pdf)
<use confidentialitecesi.pdf>
Package pdftex.def Info: confidentialitecesi.pdf  used on input line 23.
(pdftex.def)             Requested size: 597.53488pt x 845.0448pt.
<confidentialitecesi.pdf, id=415, page=1, 597.53635pt x 845.04686pt>
File: confidentialitecesi.pdf Graphic file (type pdf)
<use confidentialitecesi.pdf, page 1>
Package pdftex.def Info: confidentialitecesi.pdf , page1 used on input line 23.

(pdftex.def)             Requested size: 597.53488pt x 845.0448pt.
File: confidentialitecesi.pdf Graphic file (type pdf)
<use confidentialitecesi.pdf, page 1>
Package pdftex.def Info: confidentialitecesi.pdf , page1 used on input line 23.

(pdftex.def)             Requested size: 597.56223pt x 845.08348pt.
File: ./img/cesi.png Graphic file (type png)
<use ./img/cesi.png>
Package pdftex.def Info: ./img/cesi.png  used on input line 23.
(pdftex.def)             Requested size: 85.35826pt x 28.75206pt.
File: ./img/docdoku.png Graphic file (type png)
<use ./img/docdoku.png>
Package pdftex.def Info: ./img/docdoku.png  used on input line 23.
(pdftex.def)             Requested size: 85.35826pt x 19.34941pt.
[6


]
File: confidentialitecesi.pdf Graphic file (type pdf)
<use confidentialitecesi.pdf, page 1>
Package pdftex.def Info: confidentialitecesi.pdf , page1 used on input line 23.

(pdftex.def)             Requested size: 597.56223pt x 845.08348pt.
File: confidentialitecesi.pdf Graphic file (type pdf)
<use confidentialitecesi.pdf, page 1>
Package pdftex.def Info: confidentialitecesi.pdf , page1 used on input line 23.

(pdftex.def)             Requested size: 597.56223pt x 845.08348pt.
File: confidentialitecesi.pdf Graphic file (type pdf)
<use confidentialitecesi.pdf, page 1>
Package pdftex.def Info: confidentialitecesi.pdf , page1 used on input line 23.

(pdftex.def)             Requested size: 597.56223pt x 845.08348pt.
 [7 <./confidentialitecesi.pdf>])
\openout2 = `tex/abstract.aux'.

 (./tex/abstract.tex
File: ./img/cesi.png Graphic file (type png)
<use ./img/cesi.png>
Package pdftex.def Info: ./img/cesi.png  used on input line 37.
(pdftex.def)             Requested size: 85.35826pt x 28.75206pt.
File: ./img/docdoku.png Graphic file (type png)
<use ./img/docdoku.png>
Package pdftex.def Info: ./img/docdoku.png  used on input line 37.
(pdftex.def)             Requested size: 85.35826pt x 19.34941pt.
 [8



]
File: ./img/cesi.png Graphic file (type png)
<use ./img/cesi.png>
Package pdftex.def Info: ./img/cesi.png  used on input line 79.
(pdftex.def)             Requested size: 85.35826pt x 28.75206pt.
File: ./img/docdoku.png Graphic file (type png)
<use ./img/docdoku.png>
Package pdftex.def Info: ./img/docdoku.png  used on input line 79.
(pdftex.def)             Requested size: 85.35826pt x 19.34941pt.
 [9])
File: ./img/cesi.png Graphic file (type png)
<use ./img/cesi.png>
Package pdftex.def Info: ./img/cesi.png  used on input line 179.
(pdftex.def)             Requested size: 85.35826pt x 28.75206pt.
File: ./img/docdoku.png Graphic file (type png)
<use ./img/docdoku.png>
Package pdftex.def Info: ./img/docdoku.png  used on input line 179.
(pdftex.def)             Requested size: 85.35826pt x 19.34941pt.
 [10]
\openout2 = `tex/introduction.aux'.


(./tex/introduction.tex
Chapitre 1.
File: ./img/cesi.png Graphic file (type png)
<use ./img/cesi.png>
Package pdftex.def Info: ./img/cesi.png  used on input line 38.
(pdftex.def)             Requested size: 85.35826pt x 28.75206pt.
File: ./img/docdoku.png Graphic file (type png)
<use ./img/docdoku.png>
Package pdftex.def Info: ./img/docdoku.png  used on input line 38.
(pdftex.def)             Requested size: 85.35826pt x 19.34941pt.
[11



]
Underfull \hbox (badness 10000) in paragraph at lines 41--42

 []


Underfull \hbox (badness 10000) in paragraph at lines 43--44

 []


Underfull \hbox (badness 10000) in paragraph at lines 45--47

 []

LaTeX Font Info:    Try loading font information for OMS+cmr on input line 60.
(/usr/share/texlive/texmf-dist/tex/latex/base/omscmr.fd
File: omscmr.fd 2014/09/29 v2.5h Standard LaTeX font definitions
)
LaTeX Font Info:    Font shape `OMS/cmr/m/n' in size <17.28> not available
(Font)              Font shape `OMS/cmsy/m/n' tried instead on input line 60.
File: ./img/cesi.png Graphic file (type png)
<use ./img/cesi.png>
Package pdftex.def Info: ./img/cesi.png  used on input line 72.
(pdftex.def)             Requested size: 85.35826pt x 28.75206pt.
File: ./img/docdoku.png Graphic file (type png)
<use ./img/docdoku.png>
Package pdftex.def Info: ./img/docdoku.png  used on input line 72.
(pdftex.def)             Requested size: 85.35826pt x 19.34941pt.
 [12]
File: ./img/cesi.png Graphic file (type png)
<use ./img/cesi.png>
Package pdftex.def Info: ./img/cesi.png  used on input line 72.
(pdftex.def)             Requested size: 85.35826pt x 28.75206pt.
File: ./img/docdoku.png Graphic file (type png)
<use ./img/docdoku.png>
Package pdftex.def Info: ./img/docdoku.png  used on input line 72.
(pdftex.def)             Requested size: 85.35826pt x 19.34941pt.
 [13]
<./img/Barreer_os.png, id=495, 453.695pt x 292.09125pt>
File: ./img/Barreer_os.png Graphic file (type png)
<use ./img/Barreer_os.png>
Package pdftex.def Info: ./img/Barreer_os.png  used on input line 79.
(pdftex.def)             Requested size: 317.58434pt x 204.46246pt.
<./img/osinentreprise.png, id=497, 627.34375pt x 282.05376pt>
File: ./img/osinentreprise.png Graphic file (type png)
<use ./img/osinentreprise.png>
Package pdftex.def Info: ./img/osinentreprise.png  used on input line 92.
(pdftex.def)             Requested size: 376.40915pt x 169.23355pt.
File: ./img/cesi.png Graphic file (type png)
<use ./img/cesi.png>
Package pdftex.def Info: ./img/cesi.png  used on input line 97.
(pdftex.def)             Requested size: 85.35826pt x 28.75206pt.
File: ./img/docdoku.png Graphic file (type png)
<use ./img/docdoku.png>
Package pdftex.def Info: ./img/docdoku.png  used on input line 97.
(pdftex.def)             Requested size: 85.35826pt x 19.34941pt.
 [14

 <./img/Barreer_os.png>]
File: ./img/cesi.png Graphic file (type png)
<use ./img/cesi.png>
Package pdftex.def Info: ./img/cesi.png  used on input line 130.
(pdftex.def)             Requested size: 85.35826pt x 28.75206pt.
File: ./img/docdoku.png Graphic file (type png)
<use ./img/docdoku.png>
Package pdftex.def Info: ./img/docdoku.png  used on input line 130.
(pdftex.def)             Requested size: 85.35826pt x 19.34941pt.
 [15 <./img/osinentreprise.png>]
LaTeX Font Info:    Font shape `OMS/cmr/m/n' in size <10.95> not available
(Font)              Font shape `OMS/cmsy/m/n' tried instead on input line 146.
)
File: ./img/cesi.png Graphic file (type png)
<use ./img/cesi.png>
Package pdftex.def Info: ./img/cesi.png  used on input line 180.
(pdftex.def)             Requested size: 85.35826pt x 28.75206pt.
File: ./img/docdoku.png Graphic file (type png)
<use ./img/docdoku.png>
Package pdftex.def Info: ./img/docdoku.png  used on input line 180.
(pdftex.def)             Requested size: 85.35826pt x 19.34941pt.
 [16]
\openout2 = `tex/etatdelart.aux'.

 (./tex/etatdelart.tex
Chapitre 2.

Underfull \hbox (badness 10000) in paragraph at lines 32--34

 []

File: ./img/cesi.png Graphic file (type png)
<use ./img/cesi.png>
Package pdftex.def Info: ./img/cesi.png  used on input line 39.
(pdftex.def)             Requested size: 85.35826pt x 28.75206pt.
File: ./img/docdoku.png Graphic file (type png)
<use ./img/docdoku.png>
Package pdftex.def Info: ./img/docdoku.png  used on input line 39.
(pdftex.def)             Requested size: 85.35826pt x 19.34941pt.
[17



]
Underfull \hbox (badness 10000) in paragraph at lines 43--44

 []


Underfull \hbox (badness 10000) in paragraph at lines 45--46

 []


Underfull \hbox (badness 10000) in paragraph at lines 47--48

 []


Underfull \hbox (badness 10000) in paragraph at lines 55--56

 []

File: ./img/cesi.png Graphic file (type png)
<use ./img/cesi.png>
Package pdftex.def Info: ./img/cesi.png  used on input line 79.
(pdftex.def)             Requested size: 85.35826pt x 28.75206pt.
File: ./img/docdoku.png Graphic file (type png)
<use ./img/docdoku.png>
Package pdftex.def Info: ./img/docdoku.png  used on input line 79.
(pdftex.def)             Requested size: 85.35826pt x 19.34941pt.
[18]
Underfull \hbox (badness 10000) in paragraph at lines 98--99

 []


Underfull \hbox (badness 10000) in paragraph at lines 100--101

 []


Underfull \hbox (badness 10000) in paragraph at lines 106--107

 []


Underfull \hbox (badness 10000) in paragraph at lines 108--109

 []


Underfull \hbox (badness 10000) in paragraph at lines 114--115

 []

File: ./img/cesi.png Graphic file (type png)
<use ./img/cesi.png>
Package pdftex.def Info: ./img/cesi.png  used on input line 115.
(pdftex.def)             Requested size: 85.35826pt x 28.75206pt.
File: ./img/docdoku.png Graphic file (type png)
<use ./img/docdoku.png>
Package pdftex.def Info: ./img/docdoku.png  used on input line 115.
(pdftex.def)             Requested size: 85.35826pt x 19.34941pt.
[19]
Underfull \hbox (badness 10000) in paragraph at lines 120--121

 []


Underfull \hbox (badness 10000) in paragraph at lines 122--123

 []

File: ./img/cesi.png Graphic file (type png)
<use ./img/cesi.png>
Package pdftex.def Info: ./img/cesi.png  used on input line 145.
(pdftex.def)             Requested size: 85.35826pt x 28.75206pt.
File: ./img/docdoku.png Graphic file (type png)
<use ./img/docdoku.png>
Package pdftex.def Info: ./img/docdoku.png  used on input line 145.
(pdftex.def)             Requested size: 85.35826pt x 19.34941pt.
[20]
<./img/gh_os.png, id=561, 1445.4pt x 823.075pt>
File: ./img/gh_os.png Graphic file (type png)
<use ./img/gh_os.png>
Package pdftex.def Info: ./img/gh_os.png  used on input line 170.
(pdftex.def)             Requested size: 289.07487pt x 164.61208pt.
File: ./img/cesi.png Graphic file (type png)
<use ./img/cesi.png>
Package pdftex.def Info: ./img/cesi.png  used on input line 176.
(pdftex.def)             Requested size: 85.35826pt x 28.75206pt.
File: ./img/docdoku.png Graphic file (type png)
<use ./img/docdoku.png>
Package pdftex.def Info: ./img/docdoku.png  used on input line 176.
(pdftex.def)             Requested size: 85.35826pt x 19.34941pt.
 [21 <./img/gh_os.png>]
<./img/google_os.png, id=570, 839.135pt x 698.61pt>
File: ./img/google_os.png Graphic file (type png)
<use ./img/google_os.png>
Package pdftex.def Info: ./img/google_os.png  used on input line 186.
(pdftex.def)             Requested size: 293.70164pt x 244.51715pt.
File: ./img/cesi.png Graphic file (type png)
<use ./img/cesi.png>
Package pdftex.def Info: ./img/cesi.png  used on input line 190.
(pdftex.def)             Requested size: 85.35826pt x 28.75206pt.
File: ./img/docdoku.png Graphic file (type png)
<use ./img/docdoku.png>
Package pdftex.def Info: ./img/docdoku.png  used on input line 190.
(pdftex.def)             Requested size: 85.35826pt x 19.34941pt.
 [22 <./img/google_os.png>]
<./img/gh_explore_os.png, id=579, 1445.4pt x 823.075pt>
File: ./img/gh_explore_os.png Graphic file (type png)
<use ./img/gh_explore_os.png>
Package pdftex.def Info: ./img/gh_explore_os.png  used on input line 197.
(pdftex.def)             Requested size: 433.62335pt x 246.9244pt.
<./img/ninja_os.png, id=580, 1445.4pt x 823.075pt>
File: ./img/ninja_os.png Graphic file (type png)
<use ./img/ninja_os.png>
Package pdftex.def Info: ./img/ninja_os.png  used on input line 223.
(pdftex.def)             Requested size: 433.62335pt x 246.9244pt.
File: ./img/cesi.png Graphic file (type png)
<use ./img/cesi.png>
Package pdftex.def Info: ./img/cesi.png  used on input line 230.
(pdftex.def)             Requested size: 85.35826pt x 28.75206pt.
File: ./img/docdoku.png Graphic file (type png)
<use ./img/docdoku.png>
Package pdftex.def Info: ./img/docdoku.png  used on input line 230.
(pdftex.def)             Requested size: 85.35826pt x 19.34941pt.
 [23 <./img/gh_explore_os.png>]
File: ./img/cesi.png Graphic file (type png)
<use ./img/cesi.png>
Package pdftex.def Info: ./img/cesi.png  used on input line 262.
(pdftex.def)             Requested size: 85.35826pt x 28.75206pt.
File: ./img/docdoku.png Graphic file (type png)
<use ./img/docdoku.png>
Package pdftex.def Info: ./img/docdoku.png  used on input line 262.
(pdftex.def)             Requested size: 85.35826pt x 19.34941pt.
 [24 <./img/ninja_os.png>]
Underfull \hbox (badness 10000) in paragraph at lines 273--276

 []

File: ./img/cesi.png Graphic file (type png)
<use ./img/cesi.png>
Package pdftex.def Info: ./img/cesi.png  used on input line 301.
(pdftex.def)             Requested size: 85.35826pt x 28.75206pt.
File: ./img/docdoku.png Graphic file (type png)
<use ./img/docdoku.png>
Package pdftex.def Info: ./img/docdoku.png  used on input line 301.
(pdftex.def)             Requested size: 85.35826pt x 19.34941pt.
[25]
Underfull \hbox (badness 10000) in paragraph at lines 333--334

 []

File: ./img/cesi.png Graphic file (type png)
<use ./img/cesi.png>
Package pdftex.def Info: ./img/cesi.png  used on input line 337.
(pdftex.def)             Requested size: 85.35826pt x 28.75206pt.
File: ./img/docdoku.png Graphic file (type png)
<use ./img/docdoku.png>
Package pdftex.def Info: ./img/docdoku.png  used on input line 337.
(pdftex.def)             Requested size: 85.35826pt x 19.34941pt.
[26]
Underfull \hbox (badness 10000) in paragraph at lines 341--343

 []


Underfull \hbox (badness 10000) in paragraph at lines 348--349

 []


Underfull \hbox (badness 10000) in paragraph at lines 356--357

 []


Underfull \hbox (badness 10000) in paragraph at lines 358--359

 []

File: ./img/cesi.png Graphic file (type png)
<use ./img/cesi.png>
Package pdftex.def Info: ./img/cesi.png  used on input line 372.
(pdftex.def)             Requested size: 85.35826pt x 28.75206pt.
File: ./img/docdoku.png Graphic file (type png)
<use ./img/docdoku.png>
Package pdftex.def Info: ./img/docdoku.png  used on input line 372.
(pdftex.def)             Requested size: 85.35826pt x 19.34941pt.
[27]
<./img/noyauextension_os.png, id=626, 685.56125pt x 390.45876pt>
File: ./img/noyauextension_os.png Graphic file (type png)
<use ./img/noyauextension_os.png>
Package pdftex.def Info: ./img/noyauextension_os.png  used on input line 378.
(pdftex.def)             Requested size: 411.33992pt x 234.27705pt.
File: ./img/cesi.png Graphic file (type png)
<use ./img/cesi.png>
Package pdftex.def Info: ./img/cesi.png  used on input line 401.
(pdftex.def)             Requested size: 85.35826pt x 28.75206pt.
File: ./img/docdoku.png Graphic file (type png)
<use ./img/docdoku.png>
Package pdftex.def Info: ./img/docdoku.png  used on input line 401.
(pdftex.def)             Requested size: 85.35826pt x 19.34941pt.
 [28 <./img/noyauextension_os.png>]
File: ./img/cesi.png Graphic file (type png)
<use ./img/cesi.png>
Package pdftex.def Info: ./img/cesi.png  used on input line 443.
(pdftex.def)             Requested size: 85.35826pt x 28.75206pt.
File: ./img/docdoku.png Graphic file (type png)
<use ./img/docdoku.png>
Package pdftex.def Info: ./img/docdoku.png  used on input line 443.
(pdftex.def)             Requested size: 85.35826pt x 19.34941pt.
 [29]
<./img/pb_os.png, id=640, 1064.97874pt x 372.39125pt>
File: ./img/pb_os.png Graphic file (type png)
<use ./img/pb_os.png>
Package pdftex.def Info: ./img/pb_os.png  used on input line 470.
(pdftex.def)             Requested size: 532.48807pt x 186.19516pt.

Overfull \hbox (48.7912pt too wide) in paragraph at lines 470--471
 [] 
 []

File: ./img/cesi.png Graphic file (type png)
<use ./img/cesi.png>
Package pdftex.def Info: ./img/cesi.png  used on input line 479.
(pdftex.def)             Requested size: 85.35826pt x 28.75206pt.
File: ./img/docdoku.png Graphic file (type png)
<use ./img/docdoku.png>
Package pdftex.def Info: ./img/docdoku.png  used on input line 479.
(pdftex.def)             Requested size: 85.35826pt x 19.34941pt.
[30]
<./img/ng_behaviour_os.png, id=650, 934.49126pt x 417.56pt>
File: ./img/ng_behaviour_os.png Graphic file (type png)
<use ./img/ng_behaviour_os.png>
Package pdftex.def Info: ./img/ng_behaviour_os.png  used on input line 482.
(pdftex.def)             Requested size: 467.24449pt x 208.77948pt.
File: ./img/cesi.png Graphic file (type png)
<use ./img/cesi.png>
Package pdftex.def Info: ./img/cesi.png  used on input line 490.
(pdftex.def)             Requested size: 85.35826pt x 28.75206pt.
File: ./img/docdoku.png Graphic file (type png)
<use ./img/docdoku.png>
Package pdftex.def Info: ./img/docdoku.png  used on input line 490.
(pdftex.def)             Requested size: 85.35826pt x 19.34941pt.
 [31 <./img/pb_os.png> <./img/ng_behaviour_os.png>]
<./img/value_soft_os.png, id=659, 1018.80624pt x 402.50375pt>
File: ./img/value_soft_os.png Graphic file (type png)
<use ./img/value_soft_os.png>
Package pdftex.def Info: ./img/value_soft_os.png  used on input line 493.
(pdftex.def)             Requested size: 509.40187pt x 201.25137pt.

Overfull \hbox (25.705pt too wide) in paragraph at lines 493--494
 [] 
 []

File: ./img/cesi.png Graphic file (type png)
<use ./img/cesi.png>
Package pdftex.def Info: ./img/cesi.png  used on input line 524.
(pdftex.def)             Requested size: 85.35826pt x 28.75206pt.
File: ./img/docdoku.png Graphic file (type png)
<use ./img/docdoku.png>
Package pdftex.def Info: ./img/docdoku.png  used on input line 524.
(pdftex.def)             Requested size: 85.35826pt x 19.34941pt.
[32 <./img/value_soft_os.png>]
Underfull \hbox (badness 10000) in paragraph at lines 526--527

 []


Underfull \hbox (badness 10000) in paragraph at lines 530--531

 []

File: ./img/cesi.png Graphic file (type png)
<use ./img/cesi.png>
Package pdftex.def Info: ./img/cesi.png  used on input line 566.
(pdftex.def)             Requested size: 85.35826pt x 28.75206pt.
File: ./img/docdoku.png Graphic file (type png)
<use ./img/docdoku.png>
Package pdftex.def Info: ./img/docdoku.png  used on input line 566.
(pdftex.def)             Requested size: 85.35826pt x 19.34941pt.
[33]
Underfull \hbox (badness 10000) in paragraph at lines 578--579

 []


Underfull \hbox (badness 10000) in paragraph at lines 580--581

 []


Underfull \hbox (badness 10000) in paragraph at lines 582--583

 []


Underfull \hbox (badness 10000) in paragraph at lines 588--589

 []


Underfull \hbox (badness 10000) in paragraph at lines 595--596

 []


Underfull \hbox (badness 10000) in paragraph at lines 597--598

 []


Underfull \hbox (badness 10000) in paragraph at lines 603--605

 []

File: ./img/cesi.png Graphic file (type png)
<use ./img/cesi.png>
Package pdftex.def Info: ./img/cesi.png  used on input line 605.
(pdftex.def)             Requested size: 85.35826pt x 28.75206pt.
File: ./img/docdoku.png Graphic file (type png)
<use ./img/docdoku.png>
Package pdftex.def Info: ./img/docdoku.png  used on input line 605.
(pdftex.def)             Requested size: 85.35826pt x 19.34941pt.
[34]
Underfull \hbox (badness 10000) in paragraph at lines 606--607

 []

File: ./img/cesi.png Graphic file (type png)
<use ./img/cesi.png>
Package pdftex.def Info: ./img/cesi.png  used on input line 639.
(pdftex.def)             Requested size: 85.35826pt x 28.75206pt.
File: ./img/docdoku.png Graphic file (type png)
<use ./img/docdoku.png>
Package pdftex.def Info: ./img/docdoku.png  used on input line 639.
(pdftex.def)             Requested size: 85.35826pt x 19.34941pt.
[35])
File: ./img/cesi.png Graphic file (type png)
<use ./img/cesi.png>
Package pdftex.def Info: ./img/cesi.png  used on input line 181.
(pdftex.def)             Requested size: 85.35826pt x 28.75206pt.
File: ./img/docdoku.png Graphic file (type png)
<use ./img/docdoku.png>
Package pdftex.def Info: ./img/docdoku.png  used on input line 181.
(pdftex.def)             Requested size: 85.35826pt x 19.34941pt.
 [36]
\openout2 = `tex/etudeterrain.aux'.

 (./tex/etudeterrain.tex
Chapitre 3.

Underfull \hbox (badness 10000) in paragraph at lines 20--21

 []

<./img/communicationediteur.png, id=697, 596.2275pt x 1339.0025pt>
File: ./img/communicationediteur.png Graphic file (type png)
<use ./img/communicationediteur.png>
Package pdftex.def Info: ./img/communicationediteur.png  used on input line 26.

(pdftex.def)             Requested size: 166.94255pt x 374.91815pt.

Underfull \hbox (badness 10000) in paragraph at lines 30--31

 []

File: ./img/cesi.png Graphic file (type png)
<use ./img/cesi.png>
Package pdftex.def Info: ./img/cesi.png  used on input line 40.
(pdftex.def)             Requested size: 85.35826pt x 28.75206pt.
File: ./img/docdoku.png Graphic file (type png)
<use ./img/docdoku.png>
Package pdftex.def Info: ./img/docdoku.png  used on input line 40.
(pdftex.def)             Requested size: 85.35826pt x 19.34941pt.
[37



]
Underfull \hbox (badness 10000) in paragraph at lines 42--43

 []


Underfull \hbox (badness 10000) in paragraph at lines 54--55

 []


Underfull \hbox (badness 10000) in paragraph at lines 56--57

 []

File: ./img/cesi.png Graphic file (type png)
<use ./img/cesi.png>
Package pdftex.def Info: ./img/cesi.png  used on input line 57.
(pdftex.def)             Requested size: 85.35826pt x 28.75206pt.
File: ./img/docdoku.png Graphic file (type png)
<use ./img/docdoku.png>
Package pdftex.def Info: ./img/docdoku.png  used on input line 57.
(pdftex.def)             Requested size: 85.35826pt x 19.34941pt.
[38 <./img/communicationediteur.png>]
Underfull \hbox (badness 10000) in paragraph at lines 58--59

 []


Underfull \hbox (badness 10000) in paragraph at lines 74--77

 []


Underfull \hbox (badness 10000) in paragraph at lines 88--89

 []


Underfull \hbox (badness 10000) in paragraph at lines 104--105

 []


Underfull \hbox (badness 10000) in paragraph at lines 106--107

 []

File: ./img/cesi.png Graphic file (type png)
<use ./img/cesi.png>
Package pdftex.def Info: ./img/cesi.png  used on input line 109.
(pdftex.def)             Requested size: 85.35826pt x 28.75206pt.
File: ./img/docdoku.png Graphic file (type png)
<use ./img/docdoku.png>
Package pdftex.def Info: ./img/docdoku.png  used on input line 109.
(pdftex.def)             Requested size: 85.35826pt x 19.34941pt.
[39]
Underfull \hbox (badness 10000) in paragraph at lines 118--119

 []

File: ./img/cesi.png Graphic file (type png)
<use ./img/cesi.png>
Package pdftex.def Info: ./img/cesi.png  used on input line 154.
(pdftex.def)             Requested size: 85.35826pt x 28.75206pt.
File: ./img/docdoku.png Graphic file (type png)
<use ./img/docdoku.png>
Package pdftex.def Info: ./img/docdoku.png  used on input line 154.
(pdftex.def)             Requested size: 85.35826pt x 19.34941pt.
[40]
Underfull \hbox (badness 10000) in paragraph at lines 156--157

 []


Underfull \hbox (badness 10000) in paragraph at lines 162--163

 []


Underfull \hbox (badness 10000) in paragraph at lines 164--165

 []


Underfull \hbox (badness 10000) in paragraph at lines 166--167

 []


Underfull \hbox (badness 10000) in paragraph at lines 168--169

 []


Underfull \hbox (badness 10000) in paragraph at lines 170--171

 []

<./img/gestioncommunaute.png, id=720, 582.175pt x 1160.335pt>
File: ./img/gestioncommunaute.png Graphic file (type png)
<use ./img/gestioncommunaute.png>
Package pdftex.def Info: ./img/gestioncommunaute.png  used on input line 176.
(pdftex.def)             Requested size: 163.00789pt x 324.89159pt.
File: ./img/cesi.png Graphic file (type png)
<use ./img/cesi.png>
Package pdftex.def Info: ./img/cesi.png  used on input line 180.
(pdftex.def)             Requested size: 85.35826pt x 28.75206pt.
File: ./img/docdoku.png Graphic file (type png)
<use ./img/docdoku.png>
Package pdftex.def Info: ./img/docdoku.png  used on input line 180.
(pdftex.def)             Requested size: 85.35826pt x 19.34941pt.
[41]
Underfull \hbox (badness 10000) in paragraph at lines 192--193

 []


Underfull \hbox (badness 10000) in paragraph at lines 194--195

 []

File: ./img/cesi.png Graphic file (type png)
<use ./img/cesi.png>
Package pdftex.def Info: ./img/cesi.png  used on input line 204.
(pdftex.def)             Requested size: 85.35826pt x 28.75206pt.
File: ./img/docdoku.png Graphic file (type png)
<use ./img/docdoku.png>
Package pdftex.def Info: ./img/docdoku.png  used on input line 204.
(pdftex.def)             Requested size: 85.35826pt x 19.34941pt.
[42 <./img/gestioncommunaute.png>]
Underfull \hbox (badness 10000) in paragraph at lines 216--217

 []


Underfull \hbox (badness 10000) in paragraph at lines 222--223

 []


Underfull \hbox (badness 10000) in paragraph at lines 224--225

 []

<./img/multicompetence.png, id=731, 598.235pt x 1055.945pt>
File: ./img/multicompetence.png Graphic file (type png)
<use ./img/multicompetence.png>
Package pdftex.def Info: ./img/multicompetence.png  used on input line 230.
(pdftex.def)             Requested size: 167.50465pt x 295.66258pt.

Underfull \hbox (badness 10000) in paragraph at lines 244--245

 []


Underfull \hbox (badness 10000) in paragraph at lines 246--247

 []

File: ./img/cesi.png Graphic file (type png)
<use ./img/cesi.png>
Package pdftex.def Info: ./img/cesi.png  used on input line 263.
(pdftex.def)             Requested size: 85.35826pt x 28.75206pt.
File: ./img/docdoku.png Graphic file (type png)
<use ./img/docdoku.png>
Package pdftex.def Info: ./img/docdoku.png  used on input line 263.
(pdftex.def)             Requested size: 85.35826pt x 19.34941pt.
[43]
Underfull \hbox (badness 10000) in paragraph at lines 268--269

 []

<./img/contribution.png, id=736, 584.1825pt x 809.0225pt>
File: ./img/contribution.png Graphic file (type png)
<use ./img/contribution.png>
Package pdftex.def Info: ./img/contribution.png  used on input line 276.
(pdftex.def)             Requested size: 163.56998pt x 226.52475pt.

Underfull \hbox (badness 10000) in paragraph at lines 280--281

 []

File: ./img/cesi.png Graphic file (type png)
<use ./img/cesi.png>
Package pdftex.def Info: ./img/cesi.png  used on input line 282.
(pdftex.def)             Requested size: 85.35826pt x 28.75206pt.
File: ./img/docdoku.png Graphic file (type png)
<use ./img/docdoku.png>
Package pdftex.def Info: ./img/docdoku.png  used on input line 282.
(pdftex.def)             Requested size: 85.35826pt x 19.34941pt.
[44 <./img/multicompetence.png>]
Underfull \hbox (badness 10000) in paragraph at lines 283--284

 []

<./img/secteuractivite.png, id=743, 584.1825pt x 967.615pt>
File: ./img/secteuractivite.png Graphic file (type png)
<use ./img/secteuractivite.png>
Package pdftex.def Info: ./img/secteuractivite.png  used on input line 297.
(pdftex.def)             Requested size: 163.56998pt x 270.93036pt.
File: ./img/cesi.png Graphic file (type png)
<use ./img/cesi.png>
Package pdftex.def Info: ./img/cesi.png  used on input line 301.
(pdftex.def)             Requested size: 85.35826pt x 28.75206pt.
File: ./img/docdoku.png Graphic file (type png)
<use ./img/docdoku.png>
Package pdftex.def Info: ./img/docdoku.png  used on input line 301.
(pdftex.def)             Requested size: 85.35826pt x 19.34941pt.
[45 <./img/contribution.png>]
Underfull \hbox (badness 10000) in paragraph at lines 303--304

 []


Underfull \hbox (badness 10000) in paragraph at lines 317--318

 []

<./img/perception.png, id=749, 594.22pt x 1116.17pt>
File: ./img/perception.png Graphic file (type png)
<use ./img/perception.png>
Package pdftex.def Info: ./img/perception.png  used on input line 329.
(pdftex.def)             Requested size: 166.38046pt x 312.52547pt.

Underfull \hbox (badness 10000) in paragraph at lines 333--334

 []

File: ./img/cesi.png Graphic file (type png)
<use ./img/cesi.png>
Package pdftex.def Info: ./img/cesi.png  used on input line 335.
(pdftex.def)             Requested size: 85.35826pt x 28.75206pt.
File: ./img/docdoku.png Graphic file (type png)
<use ./img/docdoku.png>
Package pdftex.def Info: ./img/docdoku.png  used on input line 335.
(pdftex.def)             Requested size: 85.35826pt x 19.34941pt.
[46 <./img/secteuractivite.png>]
Underfull \hbox (badness 10000) in paragraph at lines 335--336

 []


Underfull \hbox (badness 10000) in paragraph at lines 337--339

 []

<./img/importanceos.png, id=755, 590.205pt x 879.285pt>
File: ./img/importanceos.png Graphic file (type png)
<use ./img/importanceos.png>
Package pdftex.def Info: ./img/importanceos.png  used on input line 345.
(pdftex.def)             Requested size: 165.25627pt x 246.19812pt.

Underfull \hbox (badness 10000) in paragraph at lines 350--351

 []

File: ./img/cesi.png Graphic file (type png)
<use ./img/cesi.png>
Package pdftex.def Info: ./img/cesi.png  used on input line 370.
(pdftex.def)             Requested size: 85.35826pt x 28.75206pt.
File: ./img/docdoku.png Graphic file (type png)
<use ./img/docdoku.png>
Package pdftex.def Info: ./img/docdoku.png  used on input line 370.
(pdftex.def)             Requested size: 85.35826pt x 19.34941pt.
[47 <./img/perception.png>]
Underfull \hbox (badness 10000) in paragraph at lines 398--399

 []

File: ./img/cesi.png Graphic file (type png)
<use ./img/cesi.png>
Package pdftex.def Info: ./img/cesi.png  used on input line 401.
(pdftex.def)             Requested size: 85.35826pt x 28.75206pt.
File: ./img/docdoku.png Graphic file (type png)
<use ./img/docdoku.png>
Package pdftex.def Info: ./img/docdoku.png  used on input line 401.
(pdftex.def)             Requested size: 85.35826pt x 19.34941pt.
[48 <./img/importanceos.png>]
<./img/ecoutebesoin.png, id=767, 592.2125pt x 1043.9pt>
File: ./img/ecoutebesoin.png Graphic file (type png)
<use ./img/ecoutebesoin.png>
Package pdftex.def Info: ./img/ecoutebesoin.png  used on input line 404.
(pdftex.def)             Requested size: 165.81836pt x 292.29001pt.
File: ./img/cesi.png Graphic file (type png)
<use ./img/cesi.png>
Package pdftex.def Info: ./img/cesi.png  used on input line 410.
(pdftex.def)             Requested size: 85.35826pt x 28.75206pt.
File: ./img/docdoku.png Graphic file (type png)
<use ./img/docdoku.png>
Package pdftex.def Info: ./img/docdoku.png  used on input line 410.
(pdftex.def)             Requested size: 85.35826pt x 19.34941pt.
 [49 <./img/ecoutebesoin.png>]
Underfull \hbox (badness 10000) in paragraph at lines 422--423

 []


Underfull \hbox (badness 10000) in paragraph at lines 436--437

 []

<./img/decouverte.png, id=773, 590.205pt x 1025.8325pt>
File: ./img/decouverte.png Graphic file (type png)
<use ./img/decouverte.png>
Package pdftex.def Info: ./img/decouverte.png  used on input line 453.
(pdftex.def)             Requested size: 165.25627pt x 287.23114pt.

Underfull \hbox (badness 10000) in paragraph at lines 477--478

 []

File: ./img/cesi.png Graphic file (type png)
<use ./img/cesi.png>
Package pdftex.def Info: ./img/cesi.png  used on input line 478.
(pdftex.def)             Requested size: 85.35826pt x 28.75206pt.
File: ./img/docdoku.png Graphic file (type png)
<use ./img/docdoku.png>
Package pdftex.def Info: ./img/docdoku.png  used on input line 478.
(pdftex.def)             Requested size: 85.35826pt x 19.34941pt.
[50]
Underfull \hbox (badness 10000) in paragraph at lines 479--480

 []

<./img/osalecole.png, id=780, 592.2125pt x 981.6675pt>
File: ./img/osalecole.png Graphic file (type png)
<use ./img/osalecole.png>
Package pdftex.def Info: ./img/osalecole.png  used on input line 485.
(pdftex.def)             Requested size: 165.81836pt x 274.86502pt.

Underfull \hbox (badness 10000) in paragraph at lines 505--506

 []


Underfull \hbox (badness 10000) in paragraph at lines 507--508

 []

File: ./img/cesi.png Graphic file (type png)
<use ./img/cesi.png>
Package pdftex.def Info: ./img/cesi.png  used on input line 508.
(pdftex.def)             Requested size: 85.35826pt x 28.75206pt.
File: ./img/docdoku.png Graphic file (type png)
<use ./img/docdoku.png>
Package pdftex.def Info: ./img/docdoku.png  used on input line 508.
(pdftex.def)             Requested size: 85.35826pt x 19.34941pt.
[51 <./img/decouverte.png>]
Underfull \hbox (badness 10000) in paragraph at lines 509--510

 []

<./img/sensibiliser.png, id=787, 582.175pt x 897.3525pt>
File: ./img/sensibiliser.png Graphic file (type png)
<use ./img/sensibiliser.png>
Package pdftex.def Info: ./img/sensibiliser.png  used on input line 513.
(pdftex.def)             Requested size: 163.00789pt x 251.25697pt.

Underfull \hbox (badness 10000) in paragraph at lines 527--528

 []


Underfull \hbox (badness 10000) in paragraph at lines 539--540

 []

File: ./img/cesi.png Graphic file (type png)
<use ./img/cesi.png>
Package pdftex.def Info: ./img/cesi.png  used on input line 541.
(pdftex.def)             Requested size: 85.35826pt x 28.75206pt.
File: ./img/docdoku.png Graphic file (type png)
<use ./img/docdoku.png>
Package pdftex.def Info: ./img/docdoku.png  used on input line 541.
(pdftex.def)             Requested size: 85.35826pt x 19.34941pt.
[52 <./img/osalecole.png>]
Underfull \hbox (badness 10000) in paragraph at lines 545--546

 []


Underfull \hbox (badness 10000) in paragraph at lines 547--548

 []

<./img/payersupport.png, id=793, 580.1675pt x 933.4875pt>
File: ./img/payersupport.png Graphic file (type png)
<use ./img/payersupport.png>
Package pdftex.def Info: ./img/payersupport.png  used on input line 553.
(pdftex.def)             Requested size: 162.44579pt x 261.37471pt.
File: ./img/cesi.png Graphic file (type png)
<use ./img/cesi.png>
Package pdftex.def Info: ./img/cesi.png  used on input line 581.
(pdftex.def)             Requested size: 85.35826pt x 28.75206pt.
File: ./img/docdoku.png Graphic file (type png)
<use ./img/docdoku.png>
Package pdftex.def Info: ./img/docdoku.png  used on input line 581.
(pdftex.def)             Requested size: 85.35826pt x 19.34941pt.
[53 <./img/sensibiliser.png>]
Underfull \hbox (badness 10000) in paragraph at lines 585--586

 []

)
File: ./img/cesi.png Graphic file (type png)
<use ./img/cesi.png>
Package pdftex.def Info: ./img/cesi.png  used on input line 182.
(pdftex.def)             Requested size: 85.35826pt x 28.75206pt.
File: ./img/docdoku.png Graphic file (type png)
<use ./img/docdoku.png>
Package pdftex.def Info: ./img/docdoku.png  used on input line 182.
(pdftex.def)             Requested size: 85.35826pt x 19.34941pt.
 [54 <./img/payersupport.png>]
\openout2 = `tex/confrontation.aux'.

 (./tex/confrontation.tex
Chapitre 4.

Underfull \hbox (badness 10000) in paragraph at lines 9--10

 []


Underfull \hbox (badness 10000) in paragraph at lines 11--12

 []


Underfull \hbox (badness 10000) in paragraph at lines 17--18

 []

File: ./img/cesi.png Graphic file (type png)
<use ./img/cesi.png>
Package pdftex.def Info: ./img/cesi.png  used on input line 30.
(pdftex.def)             Requested size: 85.35826pt x 28.75206pt.
File: ./img/docdoku.png Graphic file (type png)
<use ./img/docdoku.png>
Package pdftex.def Info: ./img/docdoku.png  used on input line 30.
(pdftex.def)             Requested size: 85.35826pt x 19.34941pt.
[55



]
Underfull \hbox (badness 10000) in paragraph at lines 31--32

 []


Underfull \hbox (badness 10000) in paragraph at lines 37--38

 []


Underfull \hbox (badness 10000) in paragraph at lines 39--41

 []


Underfull \hbox (badness 10000) in paragraph at lines 55--56

 []


Underfull \hbox (badness 10000) in paragraph at lines 57--58

 []

File: ./img/cesi.png Graphic file (type png)
<use ./img/cesi.png>
Package pdftex.def Info: ./img/cesi.png  used on input line 59.
(pdftex.def)             Requested size: 85.35826pt x 28.75206pt.
File: ./img/docdoku.png Graphic file (type png)
<use ./img/docdoku.png>
Package pdftex.def Info: ./img/docdoku.png  used on input line 59.
(pdftex.def)             Requested size: 85.35826pt x 19.34941pt.
[56]
Underfull \hbox (badness 10000) in paragraph at lines 59--60

 []


Underfull \hbox (badness 10000) in paragraph at lines 61--62

 []


Underfull \hbox (badness 10000) in paragraph at lines 67--68

 []


Underfull \hbox (badness 10000) in paragraph at lines 69--70

 []


Underfull \hbox (badness 10000) in paragraph at lines 71--72

 []


Underfull \hbox (badness 10000) in paragraph at lines 73--74

 []


Underfull \hbox (badness 10000) in paragraph at lines 75--76

 []


Underfull \hbox (badness 10000) in paragraph at lines 81--82

 []


Underfull \hbox (badness 10000) in paragraph at lines 83--84

 []

File: ./img/cesi.png Graphic file (type png)
<use ./img/cesi.png>
Package pdftex.def Info: ./img/cesi.png  used on input line 90.
(pdftex.def)             Requested size: 85.35826pt x 28.75206pt.
File: ./img/docdoku.png Graphic file (type png)
<use ./img/docdoku.png>
Package pdftex.def Info: ./img/docdoku.png  used on input line 90.
(pdftex.def)             Requested size: 85.35826pt x 19.34941pt.
[57])
File: ./img/cesi.png Graphic file (type png)
<use ./img/cesi.png>
Package pdftex.def Info: ./img/cesi.png  used on input line 183.
(pdftex.def)             Requested size: 85.35826pt x 28.75206pt.
File: ./img/docdoku.png Graphic file (type png)
<use ./img/docdoku.png>
Package pdftex.def Info: ./img/docdoku.png  used on input line 183.
(pdftex.def)             Requested size: 85.35826pt x 19.34941pt.
 [58]
\openout2 = `tex/transposition.aux'.

 (./tex/transposition.tex
Chapitre 5.

Underfull \hbox (badness 10000) in paragraph at lines 15--16

 []

File: ./img/cesi.png Graphic file (type png)
<use ./img/cesi.png>
Package pdftex.def Info: ./img/cesi.png  used on input line 31.
(pdftex.def)             Requested size: 85.35826pt x 28.75206pt.
File: ./img/docdoku.png Graphic file (type png)
<use ./img/docdoku.png>
Package pdftex.def Info: ./img/docdoku.png  used on input line 31.
(pdftex.def)             Requested size: 85.35826pt x 19.34941pt.
[59



]
Underfull \hbox (badness 10000) in paragraph at lines 45--46

 []


Underfull \hbox (badness 10000) in paragraph at lines 51--53

 []

)
File: ./img/cesi.png Graphic file (type png)
<use ./img/cesi.png>
Package pdftex.def Info: ./img/cesi.png  used on input line 184.
(pdftex.def)             Requested size: 85.35826pt x 28.75206pt.
File: ./img/docdoku.png Graphic file (type png)
<use ./img/docdoku.png>
Package pdftex.def Info: ./img/docdoku.png  used on input line 184.
(pdftex.def)             Requested size: 85.35826pt x 19.34941pt.
 [60]
\openout2 = `tex/conclusion.aux'.

 (./tex/conclusion.tex
Chapitre 6.

Underfull \hbox (badness 10000) in paragraph at lines 19--20

 []


Underfull \hbox (badness 10000) in paragraph at lines 23--24

 []


Underfull \hbox (badness 10000) in paragraph at lines 25--28

 []

)
File: ./img/cesi.png Graphic file (type png)
<use ./img/cesi.png>
Package pdftex.def Info: ./img/cesi.png  used on input line 185.
(pdftex.def)             Requested size: 85.35826pt x 28.75206pt.
File: ./img/docdoku.png Graphic file (type png)
<use ./img/docdoku.png>
Package pdftex.def Info: ./img/docdoku.png  used on input line 185.
(pdftex.def)             Requested size: 85.35826pt x 19.34941pt.
 [61



]
\openout2 = `tex/annexes.aux'.

 (./tex/annexes.tex
File: ./img/cesi.png Graphic file (type png)
<use ./img/cesi.png>
Package pdftex.def Info: ./img/cesi.png  used on input line 2.
(pdftex.def)             Requested size: 85.35826pt x 28.75206pt.
File: ./img/docdoku.png Graphic file (type png)
<use ./img/docdoku.png>
Package pdftex.def Info: ./img/docdoku.png  used on input line 2.
(pdftex.def)             Requested size: 85.35826pt x 19.34941pt.
 [62



]
<./img/Domain_os.png, id=852, 608.2725pt x 741.77126pt>
File: ./img/Domain_os.png Graphic file (type png)
<use ./img/Domain_os.png>
Package pdftex.def Info: ./img/Domain_os.png  used on input line 8.
(pdftex.def)             Requested size: 304.13551pt x 370.88472pt.
<./img/Use_os.png, id=853, 608.2725pt x 742.775pt>
File: ./img/Use_os.png Graphic file (type png)
<use ./img/Use_os.png>
Package pdftex.def Info: ./img/Use_os.png  used on input line 15.
(pdftex.def)             Requested size: 304.13551pt x 371.38658pt.
File: ./img/cesi.png Graphic file (type png)
<use ./img/cesi.png>
Package pdftex.def Info: ./img/cesi.png  used on input line 20.
(pdftex.def)             Requested size: 85.35826pt x 28.75206pt.
File: ./img/docdoku.png Graphic file (type png)
<use ./img/docdoku.png>
Package pdftex.def Info: ./img/docdoku.png  used on input line 20.
(pdftex.def)             Requested size: 85.35826pt x 19.34941pt.
 [63

 <./img/Domain_os.png>]
File: ./img/cesi.png Graphic file (type png)
<use ./img/cesi.png>
Package pdftex.def Info: ./img/cesi.png  used on input line 20.
(pdftex.def)             Requested size: 85.35826pt x 28.75206pt.
File: ./img/docdoku.png Graphic file (type png)
<use ./img/docdoku.png>
Package pdftex.def Info: ./img/docdoku.png  used on input line 20.
(pdftex.def)             Requested size: 85.35826pt x 19.34941pt.
 [64 <./img/Use_os.png>]
<./img/f1.png, id=865, 1959.32pt x 1563.8425pt>
File: ./img/f1.png Graphic file (type png)
<use ./img/f1.png>
Package pdftex.def Info: ./img/f1.png  used on input line 23.
(pdftex.def)             Requested size: 470.24641pt x 375.32986pt.
<./img/f2.png, id=866, 2009.5075pt x 491.8375pt>
File: ./img/f2.png Graphic file (type png)
<use ./img/f2.png>
Package pdftex.def Info: ./img/f2.png  used on input line 24.
(pdftex.def)             Requested size: 482.29166pt x 118.0434pt.

Underfull \hbox (badness 10000) in paragraph at lines 23--25
[][]
 []

<./img/f3.png, id=867, 1913.1475pt x 1310.8975pt>
File: ./img/f3.png Graphic file (type png)
<use ./img/f3.png>
Package pdftex.def Info: ./img/f3.png  used on input line 27.
(pdftex.def)             Requested size: 459.16478pt x 314.62183pt.
<./img/f4.png, id=868, 1955.305pt x 1204.5pt>
File: ./img/f4.png Graphic file (type png)
<use ./img/f4.png>
Package pdftex.def Info: ./img/f4.png  used on input line 28.
(pdftex.def)             Requested size: 469.28279pt x 289.0859pt.

Underfull \hbox (badness 10000) in paragraph at lines 27--29
[][]
 []

<./img/f5.png, id=869, 1917.1625pt x 1242.6425pt>
File: ./img/f5.png Graphic file (type png)
<use ./img/f5.png>
Package pdftex.def Info: ./img/f5.png  used on input line 31.
(pdftex.def)             Requested size: 460.1284pt x 298.2403pt.
File: ./img/cesi.png Graphic file (type png)
<use ./img/cesi.png>
Package pdftex.def Info: ./img/cesi.png  used on input line 33.
(pdftex.def)             Requested size: 85.35826pt x 28.75206pt.
File: ./img/docdoku.png Graphic file (type png)
<use ./img/docdoku.png>
Package pdftex.def Info: ./img/docdoku.png  used on input line 33.
(pdftex.def)             Requested size: 85.35826pt x 19.34941pt.
[65

 <./img/f1.png> <./img/f2.png>]
File: ./img/cesi.png Graphic file (type png)
<use ./img/cesi.png>
Package pdftex.def Info: ./img/cesi.png  used on input line 33.
(pdftex.def)             Requested size: 85.35826pt x 28.75206pt.
File: ./img/docdoku.png Graphic file (type png)
<use ./img/docdoku.png>
Package pdftex.def Info: ./img/docdoku.png  used on input line 33.
(pdftex.def)             Requested size: 85.35826pt x 19.34941pt.
 [66 <./img/f3.png> <./img/f4.png>]
File: ./img/cesi.png Graphic file (type png)
<use ./img/cesi.png>
Package pdftex.def Info: ./img/cesi.png  used on input line 33.
(pdftex.def)             Requested size: 85.35826pt x 28.75206pt.
File: ./img/docdoku.png Graphic file (type png)
<use ./img/docdoku.png>
Package pdftex.def Info: ./img/docdoku.png  used on input line 33.
(pdftex.def)             Requested size: 85.35826pt x 19.34941pt.
 [67 <./img/f5.png>]
File: ./img/cesi.png Graphic file (type png)
<use ./img/cesi.png>
Package pdftex.def Info: ./img/cesi.png  used on input line 66.
(pdftex.def)             Requested size: 85.35826pt x 28.75206pt.
File: ./img/docdoku.png Graphic file (type png)
<use ./img/docdoku.png>
Package pdftex.def Info: ./img/docdoku.png  used on input line 66.
(pdftex.def)             Requested size: 85.35826pt x 19.34941pt.
 [68

])
File: ./img/cesi.png Graphic file (type png)
<use ./img/cesi.png>
Package pdftex.def Info: ./img/cesi.png  used on input line 186.
(pdftex.def)             Requested size: 85.35826pt x 28.75206pt.
File: ./img/docdoku.png Graphic file (type png)
<use ./img/docdoku.png>
Package pdftex.def Info: ./img/docdoku.png  used on input line 186.
(pdftex.def)             Requested size: 85.35826pt x 19.34941pt.
 [69]
Package atveryend Info: Empty hook `BeforeClearDocument' on input line 188.
Package atveryend Info: Empty hook `AfterLastShipout' on input line 188.
 (./opensource-thesis.aux (./tex/preface.aux)
(./tex/abstract.aux) (./tex/introduction.aux) (./tex/etatdelart.aux)
(./tex/etudeterrain.aux) (./tex/confrontation.aux) (./tex/transposition.aux)
(./tex/conclusion.aux) (./tex/annexes.aux))
Package atveryend Info: Executing hook `AtVeryEndDocument' on input line 188.
Package atveryend Info: Executing hook `AtEndAfterFileList' on input line 188.
Package rerunfilecheck Info: File `opensource-thesis.out' has not changed.
(rerunfilecheck)             Checksum: 7524D718F318F0C6D85920CA92E0097F;4790.
 ) 
Here is how much of TeX's memory you used:
 19250 strings out of 492609
 313704 string characters out of 6131461
 488137 words of memory out of 5000000
 22456 multiletter control sequences out of 15000+600000
 18537 words of font info for 42 fonts, out of 8000000 for 9000
 1141 hyphenation exceptions out of 8191
 60i,18n,94p,2023b,706s stack positions out of 5000i,500n,10000p,200000b,80000s
{/usr/share/texmf/fonts/enc/dvips/cm-super/cm-super-t1.enc}</usr/share/texliv
e/texmf-dist/fonts/type1/public/amsfonts/cm/cmsy10.pfb></usr/share/texmf/fonts/
type1/public/cm-super/sfbx1095.pfb></usr/share/texmf/fonts/type1/public/cm-supe
r/sfbx1200.pfb></usr/share/texmf/fonts/type1/public/cm-super/sfbx1440.pfb></usr
/share/texmf/fonts/type1/public/cm-super/sfbx2074.pfb></usr/share/texmf/fonts/t
ype1/public/cm-super/sfbx2488.pfb></usr/share/texmf/fonts/type1/public/cm-super
/sfcc1095.pfb></usr/share/texmf/fonts/type1/public/cm-super/sfcc1440.pfb></usr/
share/texmf/fonts/type1/public/cm-super/sfrm1095.pfb></usr/share/texmf/fonts/ty
pe1/public/cm-super/sfrm1200.pfb></usr/share/texmf/fonts/type1/public/cm-super/
sfti1095.pfb></usr/share/texmf/fonts/type1/public/cm-super/sfti1440.pfb>
Output written on opensource-thesis.pdf (71 pages, 3215226 bytes).
PDF statistics:
 1013 PDF objects out of 1200 (max. 8388607)
 846 compressed objects within 9 object streams
 298 named destinations out of 1000 (max. 500000)
 680 words of extra memory for PDF output out of 10000 (max. 10000000)

