\BOOKMARK [0][-]{section*.3}{Glossaire}{}% 1
\BOOKMARK [0][-]{section*.5}{Acronymes}{}% 2
\BOOKMARK [0][-]{chapter.1}{burntorangeEtat de l'art}{}% 3
\BOOKMARK [1][-]{section.1.1}{Pr\351sentation de l'open source}{chapter.1}% 4
\BOOKMARK [2][-]{subsection.1.1.1}{L'open source aujourd'hui}{section.1.1}% 5
\BOOKMARK [2][-]{subsection.1.1.2}{Les \351diteurs open source}{section.1.1}% 6
\BOOKMARK [2][-]{subsection.1.1.3}{Le consommateur}{section.1.1}% 7
\BOOKMARK [2][-]{subsection.1.1.4}{O\371 trouver de l'open source ?}{section.1.1}% 8
\BOOKMARK [1][-]{section.1.2}{Optimisation des ressources}{chapter.1}% 9
\BOOKMARK [2][-]{subsection.1.2.1}{Rendre le libre populaire}{section.1.2}% 10
\BOOKMARK [2][-]{subsection.1.2.2}{Int\352ret et communaut\351}{section.1.2}% 11
\BOOKMARK [2][-]{subsection.1.2.3}{Le mod\350le noyau extension}{section.1.2}% 12
\BOOKMARK [2][-]{subsection.1.2.4}{Eveiller sa communaut\351}{section.1.2}% 13
\BOOKMARK [1][-]{section.1.3}{Etude du consommateur}{chapter.1}% 14
\BOOKMARK [2][-]{subsection.1.3.1}{Les entreprises adoptent l'open source}{section.1.3}% 15
\BOOKMARK [1][-]{section.1.4}{Le march\351 de l'open source}{chapter.1}% 16
\BOOKMARK [2][-]{subsection.1.4.1}{Les acteurs de l'open source}{section.1.4}% 17
\BOOKMARK [2][-]{subsection.1.4.2}{Chez les \351diteurs}{section.1.4}% 18
\BOOKMARK [2][-]{subsection.1.4.3}{Chez les prestataires}{section.1.4}% 19
\BOOKMARK [2][-]{subsection.1.4.4}{Communication par ses atouts}{section.1.4}% 20
